<?xml version="1.0" encoding="utf-8"?><testsuites name="pytest tests"><testsuite name="pytest" errors="0" failures="0" skipped="0" tests="8" time="11.255" timestamp="2026-05-31T15:38:08.758426+00:00" hostname="agent-env-3b1b01d9-29a8-4f87-9cc1-efd36dd7fc16"><testcase classname="backend.tests.test_account_deletion" name="test_request_delete_wrong_phrase_returns_400" time="0.830" /><testcase classname="backend.tests.test_account_deletion" name="test_request_delete_wrong_password_returns_401" time="0.919" /><testcase classname="backend.tests.test_account_deletion" name="test_request_delete_success_locks_account_and_data_routes" time="1.245" /><testcase classname="backend.tests.test_account_deletion" name="test_login_returns_pending_deletion_flag" time="1.227" /><testcase classname="backend.tests.test_account_deletion" name="test_cancel_delete_restores_access" time="1.435" /><testcase classname="backend.tests.test_account_deletion" name="test_localized_confirmation_phrases_accepted" time="2.654" /><testcase classname="backend.tests.test_account_deletion" name="test_idempotent_request_returns_existing_schedule" time="1.199" /><testcase classname="backend.tests.test_account_deletion" name="test_permanent_purge_wipes_data_and_writes_audit" time="1.683" /></testsuite></testsuites>