<?xml version="1.0" encoding="utf-8"?><testsuites name="pytest tests"><testsuite name="pytest" errors="0" failures="0" skipped="0" tests="13" time="5.885" timestamp="2026-05-30T13:57:53.667391+00:00" hostname="agent-env-3b1b01d9-29a8-4f87-9cc1-efd36dd7fc16"><testcase classname="backend.tests.test_activity_recent" name="test_fresh_family_admin_recent_empty" time="1.132" /><testcase classname="backend.tests.test_activity_recent" name="test_event_created_logged" time="0.203" /><testcase classname="backend.tests.test_activity_recent" name="test_event_deleted_logged" time="0.207" /><testcase classname="backend.tests.test_activity_recent" name="test_member_added_logged_and_child_select" time="0.787" /><testcase classname="backend.tests.test_activity_recent" name="test_kids_money_income_and_payment_logged" time="0.342" /><testcase classname="backend.tests.test_activity_recent" name="test_goal_created_and_completed_logged" time="0.554" /><testcase classname="backend.tests.test_activity_recent" name="test_scope_self_child_excludes_admin" time="0.134" /><testcase classname="backend.tests.test_activity_recent" name="test_scope_family_admin_sees_all" time="0.135" /><testcase classname="backend.tests.test_activity_recent" name="test_scope_family_child_forbidden" time="0.098" /><testcase classname="backend.tests.test_activity_recent" name="test_limit_default_is_three" time="0.101" /><testcase classname="backend.tests.test_activity_recent" name="test_limit_cap_at_twenty" time="0.113" /><testcase classname="backend.tests.test_activity_recent" name="test_family_a_admin_does_not_see_family_b" time="1.894" /><testcase classname="backend.tests.test_activity_recent" name="test_family_b_admin_does_not_see_family_a" time="0.106" /></testsuite></testsuites>