<?xml version="1.0" encoding="utf-8"?><testsuites name="pytest tests"><testsuite name="pytest" errors="0" failures="0" skipped="0" tests="6" time="1.731" timestamp="2026-05-30T14:34:51.553810+00:00" hostname="agent-env-3b1b01d9-29a8-4f87-9cc1-efd36dd7fc16"><testcase classname="backend.tests.test_beta_terms.TestAppInfo" name="test_app_info_shape" time="0.265" /><testcase classname="backend.tests.test_beta_terms.TestRegisterConsents" name="test_register_no_consents" time="0.108" /><testcase classname="backend.tests.test_beta_terms.TestRegisterConsents" name="test_register_two_consents" time="0.117" /><testcase classname="backend.tests.test_beta_terms.TestRegisterConsents" name="test_register_only_privacy" time="0.143" /><testcase classname="backend.tests.test_beta_terms.TestRegisterConsents" name="test_register_all_three_consents_succeeds" time="0.704" /><testcase classname="backend.tests.test_beta_terms.TestExistingAccountLogin" name="test_admin_login_no_consent_field" time="0.332" /></testsuite></testsuites>