<?xml version="1.0" encoding="utf-8"?><testsuites name="pytest tests"><testsuite name="pytest" errors="0" failures="0" skipped="0" tests="9" time="13.330" timestamp="2026-05-30T09:30:08.137111+00:00" hostname="agent-env-3b1b01d9-29a8-4f87-9cc1-efd36dd7fc16"><testcase classname="backend.tests.test_family_members" name="test_bootstrap_first_member_is_promoted_to_admin" time="0.795" /><testcase classname="backend.tests.test_family_members" name="test_second_add_via_account_token_returns_403" time="0.746" /><testcase classname="backend.tests.test_family_members" name="test_member_select_includes_is_family_admin" time="0.942" /><testcase classname="backend.tests.test_family_members" name="test_full_crud_with_admin_member_token" time="2.847" /><testcase classname="backend.tests.test_family_members" name="test_last_admin_cannot_be_demoted" time="1.004" /><testcase classname="backend.tests.test_family_members" name="test_last_admin_cannot_be_deleted" time="1.030" /><testcase classname="backend.tests.test_family_members" name="test_second_admin_unlocks_first_admin_demotion_and_deletion" time="1.794" /><testcase classname="backend.tests.test_family_members" name="test_list_members_shape" time="1.714" /><testcase classname="backend.tests.test_family_members" name="test_multi_tenant_isolation" time="2.398" /></testsuite></testsuites>