<?xml version="1.0" encoding="utf-8"?><testsuites name="pytest tests"><testsuite name="pytest" errors="0" failures="0" skipped="0" tests="17" time="8.157" timestamp="2026-05-30T11:06:29.895193+00:00" hostname="agent-env-3b1b01d9-29a8-4f87-9cc1-efd36dd7fc16"><testcase classname="backend.tests.test_kids_money_goals" name="test_fresh_child_goals_empty" time="3.328" /><testcase classname="backend.tests.test_kids_money_goals" name="test_child_create_goal_progress" time="0.213" /><testcase classname="backend.tests.test_kids_money_goals" name="test_create_goal_rejects_non_positive_target[0]" time="0.106" /><testcase classname="backend.tests.test_kids_money_goals" name="test_create_goal_rejects_non_positive_target[-5]" time="0.103" /><testcase classname="backend.tests.test_kids_money_goals" name="test_create_goal_rejects_blank_name[]" time="0.117" /><testcase classname="backend.tests.test_kids_money_goals" name="test_create_goal_rejects_blank_name[   ]" time="0.101" /><testcase classname="backend.tests.test_kids_money_goals" name="test_child_cross_target_is_forced_to_self" time="0.217" /><testcase classname="backend.tests.test_kids_money_goals" name="test_complete_freezes_saved_at_target" time="0.097" /><testcase classname="backend.tests.test_kids_money_goals" name="test_reopen_clears_completed_at" time="0.112" /><testcase classname="backend.tests.test_kids_money_goals" name="test_put_validation" time="0.204" /><testcase classname="backend.tests.test_kids_money_goals" name="test_include_completed_filter" time="0.436" /><testcase classname="backend.tests.test_kids_money_goals" name="test_other_child_cannot_put_or_delete" time="0.238" /><testcase classname="backend.tests.test_kids_money_goals" name="test_adult_non_admin_cannot_touch_child_goal" time="0.200" /><testcase classname="backend.tests.test_kids_money_goals" name="test_admin_can_edit_and_delete_child_goal" time="0.433" /><testcase classname="backend.tests.test_kids_money_goals" name="test_multi_tenant_isolation" time="1.749" /><testcase classname="backend.tests.test_kids_money_goals" name="test_balance_over_target_caps_saved" time="0.227" /><testcase classname="backend.tests.test_kids_money_goals" name="test_delete_goal" time="0.210" /></testsuite></testsuites>