<?xml version="1.0" encoding="utf-8"?><testsuites name="pytest tests"><testsuite name="pytest" errors="0" failures="0" skipped="0" tests="19" time="7.914" timestamp="2026-05-30T10:50:02.341789+00:00" hostname="agent-env-3b1b01d9-29a8-4f87-9cc1-efd36dd7fc16"><testcase classname="backend.tests.test_kids_money" name="test_child_summary_returns_own_ledger" time="3.227" /><testcase classname="backend.tests.test_kids_money" name="test_child_passing_other_member_id_is_silently_forced_to_self" time="0.111" /><testcase classname="backend.tests.test_kids_money" name="test_admin_can_read_any_kid_summary" time="0.121" /><testcase classname="backend.tests.test_kids_money" name="test_child_post_income_then_payment_balance_math" time="0.414" /><testcase classname="backend.tests.test_kids_money" name="test_post_negative_amount_returns_400" time="0.104" /><testcase classname="backend.tests.test_kids_money" name="test_post_zero_amount_returns_400" time="0.095" /><testcase classname="backend.tests.test_kids_money" name="test_post_unknown_type_returns_400" time="0.101" /><testcase classname="backend.tests.test_kids_money" name="test_admin_post_with_explicit_member_id_targets_child" time="0.208" /><testcase classname="backend.tests.test_kids_money" name="test_put_as_owner_updates" time="0.227" /><testcase classname="backend.tests.test_kids_money" name="test_put_as_other_child_returns_403" time="0.204" /><testcase classname="backend.tests.test_kids_money" name="test_delete_as_owner_works" time="0.212" /><testcase classname="backend.tests.test_kids_money" name="test_delete_as_admin_works" time="0.238" /><testcase classname="backend.tests.test_kids_money" name="test_delete_as_other_child_returns_403" time="0.203" /><testcase classname="backend.tests.test_kids_money" name="test_kids_list_admin_only" time="0.105" /><testcase classname="backend.tests.test_kids_money" name="test_kids_list_child_token_returns_403" time="0.106" /><testcase classname="backend.tests.test_kids_money" name="test_kids_list_adult_non_admin_returns_403" time="0.101" /><testcase classname="backend.tests.test_kids_money" name="test_multi_tenant_isolation_admin_cannot_target_other_family_kid" time="1.717" /><testcase classname="backend.tests.test_kids_money" name="test_multi_tenant_isolation_child_cross_family" time="0.124" /><testcase classname="backend.tests.test_kids_money" name="test_adult_non_admin_post_scoped_to_self" time="0.202" /></testsuite></testsuites>