<?xml version="1.0" encoding="utf-8"?><testsuites name="pytest tests"><testsuite name="pytest" errors="0" failures="0" skipped="0" tests="8" time="23.122" timestamp="2026-06-01T13:01:53.013300+00:00" hostname="agent-env-3b1b01d9-29a8-4f87-9cc1-efd36dd7fc16"><testcase classname="tests.test_privacy_pending_publish" name="test_new_note_defaults_to_family_with_grace_window" time="2.877" /><testcase classname="tests.test_privacy_pending_publish" name="test_creator_sees_their_own_note_immediately" time="2.886" /><testcase classname="tests.test_privacy_pending_publish" name="test_sibling_does_not_see_pending_note" time="2.868" /><testcase classname="tests.test_privacy_pending_publish" name="test_publish_now_makes_note_visible_to_sibling" time="3.031" /><testcase classname="tests.test_privacy_pending_publish" name="test_owner_only_hides_from_sibling_after_grace" time="2.899" /><testcase classname="tests.test_privacy_pending_publish" name="test_members_visibility_with_visible_to_list" time="2.953" /><testcase classname="tests.test_privacy_pending_publish" name="test_only_creator_can_patch_visibility" time="2.794" /><testcase classname="tests.test_privacy_pending_publish" name="test_legacy_row_without_visibility_is_visible_to_all" time="2.795" /></testsuite></testsuites>