<?xml version="1.0" encoding="utf-8"?><testsuites name="pytest tests"><testsuite name="pytest" errors="0" failures="0" skipped="0" tests="5" time="15.213" timestamp="2026-06-01T13:04:00.343880+00:00" hostname="agent-env-3b1b01d9-29a8-4f87-9cc1-efd36dd7fc16"><testcase classname="tests.test_privacy_all_kinds" name="test_kind_creates_with_visibility_fields_and_patch_publishes[wall_goals]" time="3.125" /><testcase classname="tests.test_privacy_all_kinds" name="test_kind_creates_with_visibility_fields_and_patch_publishes[wall_countdown]" time="3.078" /><testcase classname="tests.test_privacy_all_kinds" name="test_kind_creates_with_visibility_fields_and_patch_publishes[wall_family_events]" time="3.009" /><testcase classname="tests.test_privacy_all_kinds" name="test_kind_creates_with_visibility_fields_and_patch_publishes[shopping_items]" time="3.039" /><testcase classname="tests.test_privacy_all_kinds" name="test_kind_creates_with_visibility_fields_and_patch_publishes[routines]" time="2.943" /></testsuite></testsuites>