<?xml version="1.0" encoding="utf-8"?><testsuites name="pytest tests"><testsuite name="pytest" errors="0" failures="0" skipped="0" tests="18" time="1.615" timestamp="2026-05-16T04:51:05.818986+00:00" hostname="agent-env-3b1b01d9-29a8-4f87-9cc1-efd36dd7fc16"><testcase classname="backend.tests.backend_test.TestUsers" name="test_get_users_seeded" time="0.310" /><testcase classname="backend.tests.backend_test.TestEventTypes" name="test_create_event_type" time="0.070" /><testcase classname="backend.tests.backend_test.TestEventTypes" name="test_list_event_types" time="0.050" /><testcase classname="backend.tests.backend_test.TestEventTypes" name="test_update_event_type" time="0.122" /><testcase classname="backend.tests.backend_test.TestEventTypes" name="test_delete_event_type" time="0.096" /><testcase classname="backend.tests.backend_test.TestEventTypes" name="test_update_404" time="0.051" /><testcase classname="backend.tests.backend_test.TestEventTypes" name="test_delete_404" time="0.048" /><testcase classname="backend.tests.backend_test.TestEvents" name="test_create_event_wife" time="0.086" /><testcase classname="backend.tests.backend_test.TestEvents" name="test_create_event_husband" time="0.047" /><testcase classname="backend.tests.backend_test.TestEvents" name="test_create_event_other_month" time="0.051" /><testcase classname="backend.tests.backend_test.TestEvents" name="test_filter_by_year_month" time="0.047" /><testcase classname="backend.tests.backend_test.TestEvents" name="test_filter_by_user" time="0.048" /><testcase classname="backend.tests.backend_test.TestEvents" name="test_update_event" time="0.093" /><testcase classname="backend.tests.backend_test.TestEvents" name="test_delete_event_and_verify" time="0.187" /><testcase classname="backend.tests.backend_test.TestEvents" name="test_update_404" time="0.050" /><testcase classname="backend.tests.backend_test.TestEvents" name="test_delete_404" time="0.046" /><testcase classname="backend.tests.backend_test.TestPWA" name="test_manifest" time="0.049" /><testcase classname="backend.tests.backend_test.TestPWA" name="test_service_worker" time="0.048" /></testsuite></testsuites>