<?xml version="1.0" encoding="utf-8"?><testsuites name="pytest tests"><testsuite name="pytest" errors="0" failures="0" skipped="0" tests="19" time="3.348" timestamp="2026-05-16T12:43:36.611549+00:00" hostname="agent-env-3b1b01d9-29a8-4f87-9cc1-efd36dd7fc16"><testcase classname="backend.tests.test_wall_board.TestAuth" name="test_verify_ok" time="0.289" /><testcase classname="backend.tests.test_wall_board.TestAuth" name="test_verify_wrong" time="0.067" /><testcase classname="backend.tests.test_wall_board.TestAuth" name="test_verify_empty" time="0.048" /><testcase classname="backend.tests.test_wall_board.TestUsers" name="test_get_users" time="0.048" /><testcase classname="backend.tests.test_wall_board.TestWallSettings" name="test_get_defaults" time="0.047" /><testcase classname="backend.tests.test_wall_board.TestWallSettings" name="test_put_partial_and_persist" time="0.099" /><testcase classname="backend.tests.test_wall_board.TestWallGoals" name="test_crud" time="0.289" /><testcase classname="backend.tests.test_wall_board.TestWallGoals" name="test_sorted_by_created_at" time="0.231" /><testcase classname="backend.tests.test_wall_board.TestWallGoals" name="test_404" time="0.092" /><testcase classname="backend.tests.test_wall_board.TestWallCountdown" name="test_crud_and_sorted_by_date" time="0.282" /><testcase classname="backend.tests.test_wall_board.TestWallCountdown" name="test_404" time="0.094" /><testcase classname="backend.tests.test_wall_board.TestWallAchievements" name="test_crud" time="0.277" /><testcase classname="backend.tests.test_wall_board.TestWallAchievements" name="test_404" time="0.095" /><testcase classname="backend.tests.test_wall_board.TestWallNotes" name="test_crud" time="0.276" /><testcase classname="backend.tests.test_wall_board.TestWallNotes" name="test_404" time="0.096" /><testcase classname="backend.tests.test_wall_board.TestWallFamilyEvents" name="test_crud_and_sorted" time="0.290" /><testcase classname="backend.tests.test_wall_board.TestWallFamilyEvents" name="test_404" time="0.098" /><testcase classname="backend.tests.test_wall_board.TestWallPhotos" name="test_create_list_delete" time="0.202" /><testcase classname="backend.tests.test_wall_board.TestEvents" name="test_event_crud" time="0.241" /></testsuite></testsuites>