<?xml version="1.0" encoding="utf-8"?><testsuites name="pytest tests"><testsuite name="pytest" errors="0" failures="0" skipped="0" tests="10" time="24.362" timestamp="2026-06-01T08:32:38.599526+00:00" hostname="agent-env-3b1b01d9-29a8-4f87-9cc1-efd36dd7fc16"><testcase classname="tests.test_recurring_income" name="test_one_time_appears_only_in_matching_month" time="2.539" /><testcase classname="tests.test_recurring_income" name="test_recurring_appears_in_every_future_month" time="2.890" /><testcase classname="tests.test_recurring_income" name="test_recurring_with_end_stops_after_end_month" time="2.483" /><testcase classname="tests.test_recurring_income" name="test_edit_this_month_only_inserts_override" time="2.379" /><testcase classname="tests.test_recurring_income" name="test_edit_forward_splits_template" time="2.631" /><testcase classname="tests.test_recurring_income" name="test_edit_all_updates_template_amount" time="2.539" /><testcase classname="tests.test_recurring_income" name="test_delete_this_month_only_skips_that_month" time="2.381" /><testcase classname="tests.test_recurring_income" name="test_delete_forward_ends_template" time="2.344" /><testcase classname="tests.test_recurring_income" name="test_summary_includes_recurring_income" time="2.104" /><testcase classname="tests.test_recurring_income" name="test_forecast_uses_recurring_template" time="2.054" /></testsuite></testsuites>