<?xml version="1.0" encoding="utf-8"?><testsuites name="pytest tests"><testsuite name="pytest" errors="0" failures="0" skipped="0" tests="15" time="6.872" timestamp="2026-05-30T16:21:22.228490+00:00" hostname="agent-env-3b1b01d9-29a8-4f87-9cc1-efd36dd7fc16"><testcase classname="backend.tests.test_tenant_isolation" name="test_users_endpoint_410" time="0.266" /><testcase classname="backend.tests.test_tenant_isolation" name="test_auth_verify_410" time="0.108" /><testcase classname="backend.tests.test_tenant_isolation" name="test_event_types_unauth_is_401" time="0.116" /><testcase classname="backend.tests.test_tenant_isolation" name="test_family_b_sees_no_event_types" time="3.047" /><testcase classname="backend.tests.test_tenant_isolation" name="test_family_b_sees_no_events" time="0.109" /><testcase classname="backend.tests.test_tenant_isolation" name="test_family_b_members_only_self" time="0.104" /><testcase classname="backend.tests.test_tenant_isolation" name="test_family_b_no_wall_notes" time="0.105" /><testcase classname="backend.tests.test_tenant_isolation" name="test_family_b_no_kids_money_tx" time="0.119" /><testcase classname="backend.tests.test_tenant_isolation" name="test_family_b_no_budget_rows[budget/income]" time="0.098" /><testcase classname="backend.tests.test_tenant_isolation" name="test_family_b_no_budget_rows[budget/expenses]" time="0.123" /><testcase classname="backend.tests.test_tenant_isolation" name="test_family_b_no_budget_rows[budget/bills]" time="0.116" /><testcase classname="backend.tests.test_tenant_isolation" name="test_family_b_no_budget_rows[budget/debts]" time="0.106" /><testcase classname="backend.tests.test_tenant_isolation" name="test_family_c_full_isolation" time="1.454" /><testcase classname="backend.tests.test_tenant_isolation" name="test_diag_tenant_admin_ok" time="0.133" /><testcase classname="backend.tests.test_tenant_isolation" name="test_diag_tenant_non_admin_403" time="0.779" /></testsuite></testsuites>