<?xml version="1.0" encoding="utf-8"?><testsuites name="pytest tests"><testsuite name="pytest" errors="0" failures="0" skipped="0" tests="14" time="6.037" timestamp="2026-05-30T11:30:09.328877+00:00" hostname="agent-env-3b1b01d9-29a8-4f87-9cc1-efd36dd7fc16"><testcase classname="backend.tests.test_time_plan" name="test_first_member_has_hex_color" time="2.341" /><testcase classname="backend.tests.test_time_plan" name="test_consecutive_members_get_distinct_colors" time="0.000" /><testcase classname="backend.tests.test_time_plan" name="test_get_members_returns_color_persisted" time="0.110" /><testcase classname="backend.tests.test_time_plan" name="test_put_color_override_persists" time="0.311" /><testcase classname="backend.tests.test_time_plan" name="test_post_event_non_admin_defaults_owner_to_self" time="0.114" /><testcase classname="backend.tests.test_time_plan" name="test_post_event_non_admin_for_other_returns_403" time="0.103" /><testcase classname="backend.tests.test_time_plan" name="test_post_event_admin_for_another_member_succeeds" time="0.138" /><testcase classname="backend.tests.test_time_plan" name="test_get_events_non_admin_sees_only_own_even_with_filter" time="0.114" /><testcase classname="backend.tests.test_time_plan" name="test_get_events_admin_no_filter_returns_all_family_events" time="0.207" /><testcase classname="backend.tests.test_time_plan" name="test_get_events_admin_user_ids_filters_to_those_owners" time="0.105" /><testcase classname="backend.tests.test_time_plan" name="test_put_event_other_non_admin_returns_403" time="0.216" /><testcase classname="backend.tests.test_time_plan" name="test_put_event_admin_can_reassign_owner" time="0.212" /><testcase classname="backend.tests.test_time_plan" name="test_delete_event_owner_succeeds_other_member_403" time="0.545" /><testcase classname="backend.tests.test_time_plan" name="test_family_b_cannot_see_family_a_events" time="1.434" /></testsuite></testsuites>